<?xml version="1.0" encoding="UTF-8"?>
<!-- Generated by org.testng.reporters.JUnitReportReporter -->
<testsuite hostname="win2019" failures="0" tests="1" name="com.easy_cal_test_cases.pdemo2" time="12.590" errors="0" timestamp="2024-09-06T23:15:38 PDT" skipped="0">
  <testcase classname="com.easy_cal_test_cases.pdemo2" name="pnrApp" time="12.590"/>
  <system-out/>
</testsuite> <!-- com.easy_cal_test_cases.pdemo2 -->
